{"@timestamp":"2023-11-05T18:38:14.9057134+01:00","@version":"1","message":"Loaded org.testcontainers.dockerclient.NpipeSocketClientProviderStrategy from ~/.testcontainers.properties, will try it first","logger_name":"org.testcontainers.dockerclient.DockerClientProviderStrategy","thread_name":"Test worker","level":"INFO","level_value":20000}
{"@timestamp":"2023-11-05T18:38:15.1529071+01:00","@version":"1","message":"Found Docker environment with local Npipe socket (npipe:////./pipe/docker_engine)","logger_name":"org.testcontainers.dockerclient.DockerClientProviderStrategy","thread_name":"Test worker","level":"INFO","level_value":20000}
{"@timestamp":"2023-11-05T18:38:15.1539066+01:00","@version":"1","message":"Docker host IP address is localhost","logger_name":"org.testcontainers.DockerClientFactory","thread_name":"Test worker","level":"INFO","level_value":20000}
{"@timestamp":"2023-11-05T18:38:15.1652718+01:00","@version":"1","message":"Connected to docker: \n  Server Version: 24.0.6\n  API Version: 1.43\n  Operating System: Docker Desktop\n  Total Memory: 32002 MB","logger_name":"org.testcontainers.DockerClientFactory","thread_name":"Test worker","level":"INFO","level_value":20000}
{"@timestamp":"2023-11-05T18:38:15.1782962+01:00","@version":"1","message":"Creating container for image: testcontainers/ryuk:0.3.4","logger_name":"docker[testcontainers/ryuk:0.3.4]","thread_name":"Test worker","level":"INFO","level_value":20000}
{"@timestamp":"2023-11-05T18:38:15.2885882+01:00","@version":"1","message":"Credential helper/store (docker-credential-desktop) does not have credentials for https://index.docker.io/v1/","logger_name":"org.testcontainers.utility.RegistryAuthLocator","thread_name":"Test worker","level":"INFO","level_value":20000}
{"@timestamp":"2023-11-05T18:38:15.3641507+01:00","@version":"1","message":"Container testcontainers/ryuk:0.3.4 is starting: 5623b2075ae5537c1aa9f62aec87494434b76b0f88da4ebfe93318e52bd5f1d7","logger_name":"docker[testcontainers/ryuk:0.3.4]","thread_name":"Test worker","level":"INFO","level_value":20000}
{"@timestamp":"2023-11-05T18:38:15.798876+01:00","@version":"1","message":"Container testcontainers/ryuk:0.3.4 started in PT0.6279564S","logger_name":"docker[testcontainers/ryuk:0.3.4]","thread_name":"Test worker","level":"INFO","level_value":20000}
{"@timestamp":"2023-11-05T18:38:15.8024684+01:00","@version":"1","message":"Ryuk started - will monitor and terminate Testcontainers containers on JVM exit","logger_name":"org.testcontainers.utility.RyukResourceReaper","thread_name":"Test worker","level":"INFO","level_value":20000}
{"@timestamp":"2023-11-05T18:38:15.802991+01:00","@version":"1","message":"Checking the system...","logger_name":"org.testcontainers.DockerClientFactory","thread_name":"Test worker","level":"INFO","level_value":20000}
{"@timestamp":"2023-11-05T18:38:15.802991+01:00","@version":"1","message":"✔︎ Docker server version should be at least 1.6.0","logger_name":"org.testcontainers.DockerClientFactory","thread_name":"Test worker","level":"INFO","level_value":20000}
{"@timestamp":"2023-11-05T18:38:15.8035008+01:00","@version":"1","message":"Creating container for image: postgres:15.1-alpine3.17","logger_name":"docker[postgres:15.1-alpine3.17]","thread_name":"Test worker","level":"INFO","level_value":20000}
{"@timestamp":"2023-11-05T18:38:15.8040117+01:00","@version":"1","message":"Reuse was requested but the environment does not support the reuse of containers\nTo enable reuse of containers, you must set 'testcontainers.reuse.enable=true' in a file located at C:\\Users\\Pawel\\.testcontainers.properties","logger_name":"docker[postgres:15.1-alpine3.17]","thread_name":"Test worker","level":"WARN","level_value":30000}
{"@timestamp":"2023-11-05T18:38:15.840067+01:00","@version":"1","message":"Container postgres:15.1-alpine3.17 is starting: f20981b3bfb049769ba82b43113625cd1b4d6be3aa1cc4b6fac36cd5971bc4e5","logger_name":"docker[postgres:15.1-alpine3.17]","thread_name":"Test worker","level":"INFO","level_value":20000}
{"@timestamp":"2023-11-05T18:38:17.5833911+01:00","@version":"1","message":"Container postgres:15.1-alpine3.17 started in PT1.7798903S","logger_name":"docker[postgres:15.1-alpine3.17]","thread_name":"Test worker","level":"INFO","level_value":20000}
{"@timestamp":"2023-11-05T18:38:17.6072604+01:00","@version":"1","message":"Starting BackendApplicationTests using Java 20.0.2.1 with PID 7364 (started by Paweł in C:\\Repozytoria\\shooting_result_tracker\\backend)","logger_name":"com.str.shootingresulttracker.BackendApplicationTests","thread_name":"Test worker","level":"INFO","level_value":20000}
{"@timestamp":"2023-11-05T18:38:17.6082605+01:00","@version":"1","message":"No active profile set, falling back to 1 default profile: \"default\"","logger_name":"com.str.shootingresulttracker.BackendApplicationTests","thread_name":"Test worker","level":"INFO","level_value":20000}
{"@timestamp":"2023-11-05T18:38:18.1024001+01:00","@version":"1","message":"Bootstrapping Spring Data JPA repositories in DEFAULT mode.","logger_name":"org.springframework.data.repository.config.RepositoryConfigurationDelegate","thread_name":"Test worker","level":"INFO","level_value":20000}
{"@timestamp":"2023-11-05T18:38:18.1453999+01:00","@version":"1","message":"Finished Spring Data repository scanning in 38 ms. Found 3 JPA repository interfaces.","logger_name":"org.springframework.data.repository.config.RepositoryConfigurationDelegate","thread_name":"Test worker","level":"INFO","level_value":20000}
{"@timestamp":"2023-11-05T18:38:18.4275104+01:00","@version":"1","message":"HikariPool-1 - Starting...","logger_name":"com.zaxxer.hikari.HikariDataSource","thread_name":"Test worker","level":"INFO","level_value":20000}
{"@timestamp":"2023-11-05T18:38:18.5354972+01:00","@version":"1","message":"HikariPool-1 - Added connection org.postgresql.jdbc.PgConnection@9a37591","logger_name":"com.zaxxer.hikari.pool.HikariPool","thread_name":"Test worker","level":"INFO","level_value":20000}
{"@timestamp":"2023-11-05T18:38:18.5384977+01:00","@version":"1","message":"HikariPool-1 - Start completed.","logger_name":"com.zaxxer.hikari.HikariDataSource","thread_name":"Test worker","level":"INFO","level_value":20000}
{"@timestamp":"2023-11-05T18:38:18.5855985+01:00","@version":"1","message":"Flyway Community Edition 9.21.0 by Redgate","logger_name":"org.flywaydb.core.internal.license.VersionPrinter","thread_name":"Test worker","level":"INFO","level_value":20000}
{"@timestamp":"2023-11-05T18:38:18.5855985+01:00","@version":"1","message":"See release notes here: https://rd.gt/416ObMi","logger_name":"org.flywaydb.core.internal.license.VersionPrinter","thread_name":"Test worker","level":"INFO","level_value":20000}
{"@timestamp":"2023-11-05T18:38:18.5855985+01:00","@version":"1","message":"","logger_name":"org.flywaydb.core.internal.license.VersionPrinter","thread_name":"Test worker","level":"INFO","level_value":20000}
{"@timestamp":"2023-11-05T18:38:18.5936512+01:00","@version":"1","message":"Database: jdbc:postgresql://localhost:54771/test (PostgreSQL 15.1)","logger_name":"org.flywaydb.core.internal.database.base.BaseDatabaseType","thread_name":"Test worker","level":"INFO","level_value":20000}
{"@timestamp":"2023-11-05T18:38:18.6169155+01:00","@version":"1","message":"Schema history table \"public\".\"flyway_schema_history\" does not exist yet","logger_name":"org.flywaydb.core.internal.schemahistory.JdbcTableSchemaHistory","thread_name":"Test worker","level":"INFO","level_value":20000}
{"@timestamp":"2023-11-05T18:38:18.6189804+01:00","@version":"1","message":"Successfully validated 10 migrations (execution time 00:00.012s)","logger_name":"org.flywaydb.core.internal.command.DbValidate","thread_name":"Test worker","level":"INFO","level_value":20000}
{"@timestamp":"2023-11-05T18:38:18.6294156+01:00","@version":"1","message":"Creating Schema History table \"public\".\"flyway_schema_history\" ...","logger_name":"org.flywaydb.core.internal.schemahistory.JdbcTableSchemaHistory","thread_name":"Test worker","level":"INFO","level_value":20000}
{"@timestamp":"2023-11-05T18:38:18.659306+01:00","@version":"1","message":"Current version of schema \"public\": << Empty Schema >>","logger_name":"org.flywaydb.core.internal.command.DbMigrate","thread_name":"Test worker","level":"INFO","level_value":20000}
{"@timestamp":"2023-11-05T18:38:18.665038+01:00","@version":"1","message":"Migrating schema \"public\" to version \"2023.02.08.00.00 - add user table\"","logger_name":"org.flywaydb.core.internal.command.DbMigrate","thread_name":"Test worker","level":"INFO","level_value":20000}
{"@timestamp":"2023-11-05T18:38:18.6887251+01:00","@version":"1","message":"Migrating schema \"public\" to version \"2023.08.02.22.30 - add weapon table\"","logger_name":"org.flywaydb.core.internal.command.DbMigrate","thread_name":"Test worker","level":"INFO","level_value":20000}
{"@timestamp":"2023-11-05T18:38:18.7020056+01:00","@version":"1","message":"Migrating schema \"public\" to version \"2023.08.07.23.00 - add create date to weapon\"","logger_name":"org.flywaydb.core.internal.command.DbMigrate","thread_name":"Test worker","level":"INFO","level_value":20000}
{"@timestamp":"2023-11-05T18:38:18.7134559+01:00","@version":"1","message":"Migrating schema \"public\" to version \"2023.08.07.23.30 - add magazine\"","logger_name":"org.flywaydb.core.internal.command.DbMigrate","thread_name":"Test worker","level":"INFO","level_value":20000}
{"@timestamp":"2023-11-05T18:38:18.7252042+01:00","@version":"1","message":"Migrating schema \"public\" to version \"2023.08.10.21.00 - rename weapon table\"","logger_name":"org.flywaydb.core.internal.command.DbMigrate","thread_name":"Test worker","level":"INFO","level_value":20000}
{"@timestamp":"2023-11-05T18:38:18.7353945+01:00","@version":"1","message":"Migrating schema \"public\" to version \"2023.08.23.20.00 - add ammunition column\"","logger_name":"org.flywaydb.core.internal.command.DbMigrate","thread_name":"Test worker","level":"INFO","level_value":20000}
{"@timestamp":"2023-11-05T18:38:18.7452358+01:00","@version":"1","message":"Migrating schema \"public\" to version \"2023.08.23.21.30 - add weapon count to magazine\"","logger_name":"org.flywaydb.core.internal.command.DbMigrate","thread_name":"Test worker","level":"INFO","level_value":20000}
{"@timestamp":"2023-11-05T18:38:18.7546461+01:00","@version":"1","message":"Migrating schema \"public\" to version \"2023.10.28.14.30 - add created by\"","logger_name":"org.flywaydb.core.internal.command.DbMigrate","thread_name":"Test worker","level":"INFO","level_value":20000}
{"@timestamp":"2023-11-05T18:38:18.764134+01:00","@version":"1","message":"Migrating schema \"public\" to version \"2023.11.01.13.30 - add create date to user table\"","logger_name":"org.flywaydb.core.internal.command.DbMigrate","thread_name":"Test worker","level":"INFO","level_value":20000}
{"@timestamp":"2023-11-05T18:38:18.7739624+01:00","@version":"1","message":"Migrating schema \"public\" to version \"2023.11.01.14.00 - fix weapon create date column\"","logger_name":"org.flywaydb.core.internal.command.DbMigrate","thread_name":"Test worker","level":"INFO","level_value":20000}
{"@timestamp":"2023-11-05T18:38:18.782783+01:00","@version":"1","message":"Successfully applied 10 migrations to schema \"public\", now at version v2023.11.01.14.00 (execution time 00:00.036s)","logger_name":"org.flywaydb.core.internal.command.DbMigrate","thread_name":"Test worker","level":"INFO","level_value":20000}
{"@timestamp":"2023-11-05T18:38:18.8617443+01:00","@version":"1","message":"HHH000204: Processing PersistenceUnitInfo [name: default]","logger_name":"org.hibernate.jpa.internal.util.LogHelper","thread_name":"Test worker","level":"INFO","level_value":20000}
{"@timestamp":"2023-11-05T18:38:18.900106+01:00","@version":"1","message":"HHH000412: Hibernate ORM core version 6.2.6.Final","logger_name":"org.hibernate.Version","thread_name":"Test worker","level":"INFO","level_value":20000}
{"@timestamp":"2023-11-05T18:38:18.9017583+01:00","@version":"1","message":"HHH000406: Using bytecode reflection optimizer","logger_name":"org.hibernate.cfg.Environment","thread_name":"Test worker","level":"INFO","level_value":20000}
{"@timestamp":"2023-11-05T18:38:18.9783256+01:00","@version":"1","message":"HHH000021: Bytecode provider name : bytebuddy","logger_name":"org.hibernate.bytecode.internal.BytecodeProviderInitiator","thread_name":"Test worker","level":"INFO","level_value":20000}
{"@timestamp":"2023-11-05T18:38:19.0513254+01:00","@version":"1","message":"No LoadTimeWeaver setup: ignoring JPA class transformer","logger_name":"org.springframework.orm.jpa.persistenceunit.SpringPersistenceUnitInfo","thread_name":"Test worker","level":"INFO","level_value":20000}
{"@timestamp":"2023-11-05T18:38:19.2171363+01:00","@version":"1","message":"HHH000021: Bytecode provider name : bytebuddy","logger_name":"org.hibernate.bytecode.internal.BytecodeProviderInitiator","thread_name":"Test worker","level":"INFO","level_value":20000}
{"@timestamp":"2023-11-05T18:38:19.6101939+01:00","@version":"1","message":"HHH000490: Using JtaPlatform implementation: [org.hibernate.engine.transaction.jta.platform.internal.NoJtaPlatform]","logger_name":"org.hibernate.engine.transaction.jta.platform.internal.JtaPlatformInitiator","thread_name":"Test worker","level":"INFO","level_value":20000}
{"@timestamp":"2023-11-05T18:38:19.612196+01:00","@version":"1","message":"Initialized JPA EntityManagerFactory for persistence unit 'default'","logger_name":"org.springframework.orm.jpa.LocalContainerEntityManagerFactoryBean","thread_name":"Test worker","level":"INFO","level_value":20000}
{"@timestamp":"2023-11-05T18:38:19.9234816+01:00","@version":"1","message":"Hibernate is in classpath; If applicable, HQL parser will be used.","logger_name":"org.springframework.data.jpa.repository.query.QueryEnhancerFactory","thread_name":"Test worker","level":"INFO","level_value":20000}
{"@timestamp":"2023-11-05T18:38:20.3434588+01:00","@version":"1","message":"spring.jpa.open-in-view is enabled by default. Therefore, database queries may be performed during view rendering. Explicitly configure spring.jpa.open-in-view to disable this warning","logger_name":"org.springframework.boot.autoconfigure.orm.jpa.JpaBaseConfiguration$JpaWebConfiguration","thread_name":"Test worker","level":"WARN","level_value":30000}
{"@timestamp":"2023-11-05T18:38:20.4669306+01:00","@version":"1","message":"Will secure any request with [org.springframework.security.web.session.DisableEncodeUrlFilter@34341b2a, org.springframework.security.web.context.request.async.WebAsyncManagerIntegrationFilter@4e826e33, org.springframework.security.web.context.SecurityContextHolderFilter@24c186cc, org.springframework.security.web.header.HeaderWriterFilter@3f36d387, org.springframework.security.web.authentication.logout.LogoutFilter@2f38b35e, com.str.shootingresulttracker.configuration.security.JwtAuthenticationFilter@509d0d21, org.springframework.security.web.savedrequest.RequestCacheAwareFilter@5a78e7e3, org.springframework.security.web.servletapi.SecurityContextHolderAwareRequestFilter@623c62b9, org.springframework.security.web.authentication.AnonymousAuthenticationFilter@7d66a634, org.springframework.security.web.session.SessionManagementFilter@28736857, org.springframework.security.web.access.ExceptionTranslationFilter@51645204, org.springframework.security.web.access.intercept.AuthorizationFilter@53b52f30]","logger_name":"org.springframework.security.web.DefaultSecurityFilterChain","thread_name":"Test worker","level":"INFO","level_value":20000}
{"@timestamp":"2023-11-05T18:38:20.9637555+01:00","@version":"1","message":"Exposing 1 endpoint(s) beneath base path '/actuator'","logger_name":"org.springframework.boot.actuate.endpoint.web.EndpointLinksResolver","thread_name":"Test worker","level":"INFO","level_value":20000}
{"@timestamp":"2023-11-05T18:38:21.0069276+01:00","@version":"1","message":"Started BackendApplicationTests in 6.444 seconds (process running for 7.332)","logger_name":"com.str.shootingresulttracker.BackendApplicationTests","thread_name":"Test worker","level":"INFO","level_value":20000}
{"@timestamp":"2023-11-05T18:38:21.5975989+01:00","@version":"1","message":"Closing JPA EntityManagerFactory for persistence unit 'default'","logger_name":"org.springframework.orm.jpa.LocalContainerEntityManagerFactoryBean","thread_name":"SpringApplicationShutdownHook","level":"INFO","level_value":20000}
{"@timestamp":"2023-11-05T18:38:21.5995994+01:00","@version":"1","message":"HikariPool-1 - Shutdown initiated...","logger_name":"com.zaxxer.hikari.HikariDataSource","thread_name":"SpringApplicationShutdownHook","level":"INFO","level_value":20000}
{"@timestamp":"2023-11-05T18:38:21.603459+01:00","@version":"1","message":"HikariPool-1 - Shutdown completed.","logger_name":"com.zaxxer.hikari.HikariDataSource","thread_name":"SpringApplicationShutdownHook","level":"INFO","level_value":20000}
{"@timestamp":"2023-11-05T18:39:00.9377793+01:00","@version":"1","message":"Loaded org.testcontainers.dockerclient.NpipeSocketClientProviderStrategy from ~/.testcontainers.properties, will try it first","logger_name":"org.testcontainers.dockerclient.DockerClientProviderStrategy","thread_name":"Test worker","level":"INFO","level_value":20000}
{"@timestamp":"2023-11-05T18:39:01.1904449+01:00","@version":"1","message":"Found Docker environment with local Npipe socket (npipe:////./pipe/docker_engine)","logger_name":"org.testcontainers.dockerclient.DockerClientProviderStrategy","thread_name":"Test worker","level":"INFO","level_value":20000}
{"@timestamp":"2023-11-05T18:39:01.1914453+01:00","@version":"1","message":"Docker host IP address is localhost","logger_name":"org.testcontainers.DockerClientFactory","thread_name":"Test worker","level":"INFO","level_value":20000}
{"@timestamp":"2023-11-05T18:39:01.2021764+01:00","@version":"1","message":"Connected to docker: \n  Server Version: 24.0.6\n  API Version: 1.43\n  Operating System: Docker Desktop\n  Total Memory: 32002 MB","logger_name":"org.testcontainers.DockerClientFactory","thread_name":"Test worker","level":"INFO","level_value":20000}
{"@timestamp":"2023-11-05T18:39:01.2149618+01:00","@version":"1","message":"Creating container for image: testcontainers/ryuk:0.3.4","logger_name":"docker[testcontainers/ryuk:0.3.4]","thread_name":"Test worker","level":"INFO","level_value":20000}
{"@timestamp":"2023-11-05T18:39:01.3270935+01:00","@version":"1","message":"Credential helper/store (docker-credential-desktop) does not have credentials for https://index.docker.io/v1/","logger_name":"org.testcontainers.utility.RegistryAuthLocator","thread_name":"Test worker","level":"INFO","level_value":20000}
{"@timestamp":"2023-11-05T18:39:01.4096027+01:00","@version":"1","message":"Container testcontainers/ryuk:0.3.4 is starting: c97897916e2a18a36b35ca0a27f0b641e7d73e90904aedc313a172bc4f15db40","logger_name":"docker[testcontainers/ryuk:0.3.4]","thread_name":"Test worker","level":"INFO","level_value":20000}
{"@timestamp":"2023-11-05T18:39:01.8503092+01:00","@version":"1","message":"Container testcontainers/ryuk:0.3.4 started in PT0.6424815S","logger_name":"docker[testcontainers/ryuk:0.3.4]","thread_name":"Test worker","level":"INFO","level_value":20000}
{"@timestamp":"2023-11-05T18:39:01.8539589+01:00","@version":"1","message":"Ryuk started - will monitor and terminate Testcontainers containers on JVM exit","logger_name":"org.testcontainers.utility.RyukResourceReaper","thread_name":"Test worker","level":"INFO","level_value":20000}
{"@timestamp":"2023-11-05T18:39:01.8539589+01:00","@version":"1","message":"Checking the system...","logger_name":"org.testcontainers.DockerClientFactory","thread_name":"Test worker","level":"INFO","level_value":20000}
{"@timestamp":"2023-11-05T18:39:01.8544718+01:00","@version":"1","message":"✔︎ Docker server version should be at least 1.6.0","logger_name":"org.testcontainers.DockerClientFactory","thread_name":"Test worker","level":"INFO","level_value":20000}
{"@timestamp":"2023-11-05T18:39:01.8549875+01:00","@version":"1","message":"Creating container for image: postgres:15.1-alpine3.17","logger_name":"docker[postgres:15.1-alpine3.17]","thread_name":"Test worker","level":"INFO","level_value":20000}
{"@timestamp":"2023-11-05T18:39:01.8555033+01:00","@version":"1","message":"Reuse was requested but the environment does not support the reuse of containers\nTo enable reuse of containers, you must set 'testcontainers.reuse.enable=true' in a file located at C:\\Users\\Pawel\\.testcontainers.properties","logger_name":"docker[postgres:15.1-alpine3.17]","thread_name":"Test worker","level":"WARN","level_value":30000}
{"@timestamp":"2023-11-05T18:39:01.8913936+01:00","@version":"1","message":"Container postgres:15.1-alpine3.17 is starting: 8900dd25c2f9f25e71ba63420e30d3fa737e44cb256acefa596133a9b33cca87","logger_name":"docker[postgres:15.1-alpine3.17]","thread_name":"Test worker","level":"INFO","level_value":20000}
{"@timestamp":"2023-11-05T18:39:03.5723125+01:00","@version":"1","message":"Container postgres:15.1-alpine3.17 started in PT1.717325S","logger_name":"docker[postgres:15.1-alpine3.17]","thread_name":"Test worker","level":"INFO","level_value":20000}
{"@timestamp":"2023-11-05T18:39:03.5960701+01:00","@version":"1","message":"Starting BackendApplicationTests using Java 20.0.2.1 with PID 17896 (started by Paweł in C:\\Repozytoria\\shooting_result_tracker\\backend)","logger_name":"com.str.shootingresulttracker.BackendApplicationTests","thread_name":"Test worker","level":"INFO","level_value":20000}
{"@timestamp":"2023-11-05T18:39:03.59707+01:00","@version":"1","message":"No active profile set, falling back to 1 default profile: \"default\"","logger_name":"com.str.shootingresulttracker.BackendApplicationTests","thread_name":"Test worker","level":"INFO","level_value":20000}
{"@timestamp":"2023-11-05T18:39:04.0870719+01:00","@version":"1","message":"Bootstrapping Spring Data JPA repositories in DEFAULT mode.","logger_name":"org.springframework.data.repository.config.RepositoryConfigurationDelegate","thread_name":"Test worker","level":"INFO","level_value":20000}
{"@timestamp":"2023-11-05T18:39:04.1286705+01:00","@version":"1","message":"Finished Spring Data repository scanning in 37 ms. Found 3 JPA repository interfaces.","logger_name":"org.springframework.data.repository.config.RepositoryConfigurationDelegate","thread_name":"Test worker","level":"INFO","level_value":20000}
{"@timestamp":"2023-11-05T18:39:04.4130994+01:00","@version":"1","message":"HikariPool-1 - Starting...","logger_name":"com.zaxxer.hikari.HikariDataSource","thread_name":"Test worker","level":"INFO","level_value":20000}
{"@timestamp":"2023-11-05T18:39:04.5201759+01:00","@version":"1","message":"HikariPool-1 - Added connection org.postgresql.jdbc.PgConnection@105fe81e","logger_name":"com.zaxxer.hikari.pool.HikariPool","thread_name":"Test worker","level":"INFO","level_value":20000}
{"@timestamp":"2023-11-05T18:39:04.5231767+01:00","@version":"1","message":"HikariPool-1 - Start completed.","logger_name":"com.zaxxer.hikari.HikariDataSource","thread_name":"Test worker","level":"INFO","level_value":20000}
{"@timestamp":"2023-11-05T18:39:04.56642+01:00","@version":"1","message":"Flyway Community Edition 9.21.0 by Redgate","logger_name":"org.flywaydb.core.internal.license.VersionPrinter","thread_name":"Test worker","level":"INFO","level_value":20000}
{"@timestamp":"2023-11-05T18:39:04.56642+01:00","@version":"1","message":"See release notes here: https://rd.gt/416ObMi","logger_name":"org.flywaydb.core.internal.license.VersionPrinter","thread_name":"Test worker","level":"INFO","level_value":20000}
{"@timestamp":"2023-11-05T18:39:04.56642+01:00","@version":"1","message":"","logger_name":"org.flywaydb.core.internal.license.VersionPrinter","thread_name":"Test worker","level":"INFO","level_value":20000}
{"@timestamp":"2023-11-05T18:39:04.5748534+01:00","@version":"1","message":"Database: jdbc:postgresql://localhost:54790/test (PostgreSQL 15.1)","logger_name":"org.flywaydb.core.internal.database.base.BaseDatabaseType","thread_name":"Test worker","level":"INFO","level_value":20000}
{"@timestamp":"2023-11-05T18:39:04.596906+01:00","@version":"1","message":"Schema history table \"public\".\"flyway_schema_history\" does not exist yet","logger_name":"org.flywaydb.core.internal.schemahistory.JdbcTableSchemaHistory","thread_name":"Test worker","level":"INFO","level_value":20000}
{"@timestamp":"2023-11-05T18:39:04.5995807+01:00","@version":"1","message":"Successfully validated 10 migrations (execution time 00:00.012s)","logger_name":"org.flywaydb.core.internal.command.DbValidate","thread_name":"Test worker","level":"INFO","level_value":20000}
{"@timestamp":"2023-11-05T18:39:04.6088298+01:00","@version":"1","message":"Creating Schema History table \"public\".\"flyway_schema_history\" ...","logger_name":"org.flywaydb.core.internal.schemahistory.JdbcTableSchemaHistory","thread_name":"Test worker","level":"INFO","level_value":20000}
{"@timestamp":"2023-11-05T18:39:04.635834+01:00","@version":"1","message":"Current version of schema \"public\": << Empty Schema >>","logger_name":"org.flywaydb.core.internal.command.DbMigrate","thread_name":"Test worker","level":"INFO","level_value":20000}
{"@timestamp":"2023-11-05T18:39:04.6405839+01:00","@version":"1","message":"Migrating schema \"public\" to version \"2023.02.08.00.00 - add user table\"","logger_name":"org.flywaydb.core.internal.command.DbMigrate","thread_name":"Test worker","level":"INFO","level_value":20000}
{"@timestamp":"2023-11-05T18:39:04.659827+01:00","@version":"1","message":"Migrating schema \"public\" to version \"2023.08.02.22.30 - add weapon table\"","logger_name":"org.flywaydb.core.internal.command.DbMigrate","thread_name":"Test worker","level":"INFO","level_value":20000}
{"@timestamp":"2023-11-05T18:39:04.6723526+01:00","@version":"1","message":"Migrating schema \"public\" to version \"2023.08.07.23.00 - add create date to weapon\"","logger_name":"org.flywaydb.core.internal.command.DbMigrate","thread_name":"Test worker","level":"INFO","level_value":20000}
{"@timestamp":"2023-11-05T18:39:04.6851622+01:00","@version":"1","message":"Migrating schema \"public\" to version \"2023.08.07.23.30 - add magazine\"","logger_name":"org.flywaydb.core.internal.command.DbMigrate","thread_name":"Test worker","level":"INFO","level_value":20000}
{"@timestamp":"2023-11-05T18:39:04.6976595+01:00","@version":"1","message":"Migrating schema \"public\" to version \"2023.08.10.21.00 - rename weapon table\"","logger_name":"org.flywaydb.core.internal.command.DbMigrate","thread_name":"Test worker","level":"INFO","level_value":20000}
{"@timestamp":"2023-11-05T18:39:04.7088425+01:00","@version":"1","message":"Migrating schema \"public\" to version \"2023.08.23.20.00 - add ammunition column\"","logger_name":"org.flywaydb.core.internal.command.DbMigrate","thread_name":"Test worker","level":"INFO","level_value":20000}
{"@timestamp":"2023-11-05T18:39:04.718513+01:00","@version":"1","message":"Migrating schema \"public\" to version \"2023.08.23.21.30 - add weapon count to magazine\"","logger_name":"org.flywaydb.core.internal.command.DbMigrate","thread_name":"Test worker","level":"INFO","level_value":20000}
{"@timestamp":"2023-11-05T18:39:04.7278651+01:00","@version":"1","message":"Migrating schema \"public\" to version \"2023.10.28.14.30 - add created by\"","logger_name":"org.flywaydb.core.internal.command.DbMigrate","thread_name":"Test worker","level":"INFO","level_value":20000}
{"@timestamp":"2023-11-05T18:39:04.7383157+01:00","@version":"1","message":"Migrating schema \"public\" to version \"2023.11.01.13.30 - add create date to user table\"","logger_name":"org.flywaydb.core.internal.command.DbMigrate","thread_name":"Test worker","level":"INFO","level_value":20000}
{"@timestamp":"2023-11-05T18:39:04.7480167+01:00","@version":"1","message":"Migrating schema \"public\" to version \"2023.11.01.14.00 - fix weapon create date column\"","logger_name":"org.flywaydb.core.internal.command.DbMigrate","thread_name":"Test worker","level":"INFO","level_value":20000}
{"@timestamp":"2023-11-05T18:39:04.7560339+01:00","@version":"1","message":"Successfully applied 10 migrations to schema \"public\", now at version v2023.11.01.14.00 (execution time 00:00.035s)","logger_name":"org.flywaydb.core.internal.command.DbMigrate","thread_name":"Test worker","level":"INFO","level_value":20000}
{"@timestamp":"2023-11-05T18:39:04.8333189+01:00","@version":"1","message":"HHH000204: Processing PersistenceUnitInfo [name: default]","logger_name":"org.hibernate.jpa.internal.util.LogHelper","thread_name":"Test worker","level":"INFO","level_value":20000}
{"@timestamp":"2023-11-05T18:39:04.8809112+01:00","@version":"1","message":"HHH000412: Hibernate ORM core version 6.2.6.Final","logger_name":"org.hibernate.Version","thread_name":"Test worker","level":"INFO","level_value":20000}
{"@timestamp":"2023-11-05T18:39:04.882916+01:00","@version":"1","message":"HHH000406: Using bytecode reflection optimizer","logger_name":"org.hibernate.cfg.Environment","thread_name":"Test worker","level":"INFO","level_value":20000}
{"@timestamp":"2023-11-05T18:39:04.9671234+01:00","@version":"1","message":"HHH000021: Bytecode provider name : bytebuddy","logger_name":"org.hibernate.bytecode.internal.BytecodeProviderInitiator","thread_name":"Test worker","level":"INFO","level_value":20000}
{"@timestamp":"2023-11-05T18:39:05.0418638+01:00","@version":"1","message":"No LoadTimeWeaver setup: ignoring JPA class transformer","logger_name":"org.springframework.orm.jpa.persistenceunit.SpringPersistenceUnitInfo","thread_name":"Test worker","level":"INFO","level_value":20000}
{"@timestamp":"2023-11-05T18:39:05.208734+01:00","@version":"1","message":"HHH000021: Bytecode provider name : bytebuddy","logger_name":"org.hibernate.bytecode.internal.BytecodeProviderInitiator","thread_name":"Test worker","level":"INFO","level_value":20000}
{"@timestamp":"2023-11-05T18:39:05.6022036+01:00","@version":"1","message":"HHH000490: Using JtaPlatform implementation: [org.hibernate.engine.transaction.jta.platform.internal.NoJtaPlatform]","logger_name":"org.hibernate.engine.transaction.jta.platform.internal.JtaPlatformInitiator","thread_name":"Test worker","level":"INFO","level_value":20000}
{"@timestamp":"2023-11-05T18:39:05.6041669+01:00","@version":"1","message":"Initialized JPA EntityManagerFactory for persistence unit 'default'","logger_name":"org.springframework.orm.jpa.LocalContainerEntityManagerFactoryBean","thread_name":"Test worker","level":"INFO","level_value":20000}
{"@timestamp":"2023-11-05T18:39:05.8985425+01:00","@version":"1","message":"Hibernate is in classpath; If applicable, HQL parser will be used.","logger_name":"org.springframework.data.jpa.repository.query.QueryEnhancerFactory","thread_name":"Test worker","level":"INFO","level_value":20000}
{"@timestamp":"2023-11-05T18:39:06.2726692+01:00","@version":"1","message":"spring.jpa.open-in-view is enabled by default. Therefore, database queries may be performed during view rendering. Explicitly configure spring.jpa.open-in-view to disable this warning","logger_name":"org.springframework.boot.autoconfigure.orm.jpa.JpaBaseConfiguration$JpaWebConfiguration","thread_name":"Test worker","level":"WARN","level_value":30000}
{"@timestamp":"2023-11-05T18:39:06.3805396+01:00","@version":"1","message":"Will secure any request with [org.springframework.security.web.session.DisableEncodeUrlFilter@51729c2b, org.springframework.security.web.context.request.async.WebAsyncManagerIntegrationFilter@4f8d7222, org.springframework.security.web.context.SecurityContextHolderFilter@695d0adc, org.springframework.security.web.header.HeaderWriterFilter@6a3a3b93, org.springframework.security.web.authentication.logout.LogoutFilter@23bc69a1, com.str.shootingresulttracker.configuration.security.JwtAuthenticationFilter@7b6824db, org.springframework.security.web.savedrequest.RequestCacheAwareFilter@3a182eaf, org.springframework.security.web.servletapi.SecurityContextHolderAwareRequestFilter@4fde13d0, org.springframework.security.web.authentication.AnonymousAuthenticationFilter@387f53cf, org.springframework.security.web.session.SessionManagementFilter@1205d422, org.springframework.security.web.access.ExceptionTranslationFilter@55623ed5, org.springframework.security.web.access.intercept.AuthorizationFilter@7acc95a2]","logger_name":"org.springframework.security.web.DefaultSecurityFilterChain","thread_name":"Test worker","level":"INFO","level_value":20000}
{"@timestamp":"2023-11-05T18:39:06.89838+01:00","@version":"1","message":"Exposing 1 endpoint(s) beneath base path '/actuator'","logger_name":"org.springframework.boot.actuate.endpoint.web.EndpointLinksResolver","thread_name":"Test worker","level":"INFO","level_value":20000}
{"@timestamp":"2023-11-05T18:39:06.9443805+01:00","@version":"1","message":"Started BackendApplicationTests in 6.356 seconds (process running for 7.27)","logger_name":"com.str.shootingresulttracker.BackendApplicationTests","thread_name":"Test worker","level":"INFO","level_value":20000}
{"@timestamp":"2023-11-05T18:39:07.4744011+01:00","@version":"1","message":"Closing JPA EntityManagerFactory for persistence unit 'default'","logger_name":"org.springframework.orm.jpa.LocalContainerEntityManagerFactoryBean","thread_name":"SpringApplicationShutdownHook","level":"INFO","level_value":20000}
{"@timestamp":"2023-11-05T18:39:07.4764015+01:00","@version":"1","message":"HikariPool-1 - Shutdown initiated...","logger_name":"com.zaxxer.hikari.HikariDataSource","thread_name":"SpringApplicationShutdownHook","level":"INFO","level_value":20000}
{"@timestamp":"2023-11-05T18:39:07.478792+01:00","@version":"1","message":"HikariPool-1 - Shutdown completed.","logger_name":"com.zaxxer.hikari.HikariDataSource","thread_name":"SpringApplicationShutdownHook","level":"INFO","level_value":20000}
{"@timestamp":"2023-11-05T18:39:28.163209+01:00","@version":"1","message":"Loaded org.testcontainers.dockerclient.NpipeSocketClientProviderStrategy from ~/.testcontainers.properties, will try it first","logger_name":"org.testcontainers.dockerclient.DockerClientProviderStrategy","thread_name":"Test worker","level":"INFO","level_value":20000}
{"@timestamp":"2023-11-05T18:39:28.4107651+01:00","@version":"1","message":"Found Docker environment with local Npipe socket (npipe:////./pipe/docker_engine)","logger_name":"org.testcontainers.dockerclient.DockerClientProviderStrategy","thread_name":"Test worker","level":"INFO","level_value":20000}
{"@timestamp":"2023-11-05T18:39:28.4117655+01:00","@version":"1","message":"Docker host IP address is localhost","logger_name":"org.testcontainers.DockerClientFactory","thread_name":"Test worker","level":"INFO","level_value":20000}
{"@timestamp":"2023-11-05T18:39:28.4227747+01:00","@version":"1","message":"Connected to docker: \n  Server Version: 24.0.6\n  API Version: 1.43\n  Operating System: Docker Desktop\n  Total Memory: 32002 MB","logger_name":"org.testcontainers.DockerClientFactory","thread_name":"Test worker","level":"INFO","level_value":20000}
{"@timestamp":"2023-11-05T18:39:28.4363281+01:00","@version":"1","message":"Creating container for image: testcontainers/ryuk:0.3.4","logger_name":"docker[testcontainers/ryuk:0.3.4]","thread_name":"Test worker","level":"INFO","level_value":20000}
{"@timestamp":"2023-11-05T18:39:28.5480869+01:00","@version":"1","message":"Credential helper/store (docker-credential-desktop) does not have credentials for https://index.docker.io/v1/","logger_name":"org.testcontainers.utility.RegistryAuthLocator","thread_name":"Test worker","level":"INFO","level_value":20000}
{"@timestamp":"2023-11-05T18:39:28.6752285+01:00","@version":"1","message":"Container testcontainers/ryuk:0.3.4 is starting: 27477f06c581cecb244ffeb9e42cd43c20f4bb427600bbbb2d5c61d1c06731cb","logger_name":"docker[testcontainers/ryuk:0.3.4]","thread_name":"Test worker","level":"INFO","level_value":20000}
{"@timestamp":"2023-11-05T18:39:29.1846757+01:00","@version":"1","message":"Container testcontainers/ryuk:0.3.4 started in PT0.7562438S","logger_name":"docker[testcontainers/ryuk:0.3.4]","thread_name":"Test worker","level":"INFO","level_value":20000}
{"@timestamp":"2023-11-05T18:39:29.1888281+01:00","@version":"1","message":"Ryuk started - will monitor and terminate Testcontainers containers on JVM exit","logger_name":"org.testcontainers.utility.RyukResourceReaper","thread_name":"Test worker","level":"INFO","level_value":20000}
{"@timestamp":"2023-11-05T18:39:29.1888281+01:00","@version":"1","message":"Checking the system...","logger_name":"org.testcontainers.DockerClientFactory","thread_name":"Test worker","level":"INFO","level_value":20000}
{"@timestamp":"2023-11-05T18:39:29.1893444+01:00","@version":"1","message":"✔︎ Docker server version should be at least 1.6.0","logger_name":"org.testcontainers.DockerClientFactory","thread_name":"Test worker","level":"INFO","level_value":20000}
{"@timestamp":"2023-11-05T18:39:29.1898579+01:00","@version":"1","message":"Creating container for image: postgres:15.1-alpine3.17","logger_name":"docker[postgres:15.1-alpine3.17]","thread_name":"Test worker","level":"INFO","level_value":20000}
{"@timestamp":"2023-11-05T18:39:29.1903743+01:00","@version":"1","message":"Reuse was requested but the environment does not support the reuse of containers\nTo enable reuse of containers, you must set 'testcontainers.reuse.enable=true' in a file located at C:\\Users\\Pawel\\.testcontainers.properties","logger_name":"docker[postgres:15.1-alpine3.17]","thread_name":"Test worker","level":"WARN","level_value":30000}
{"@timestamp":"2023-11-05T18:39:29.2300489+01:00","@version":"1","message":"Container postgres:15.1-alpine3.17 is starting: 2947fc8a82051108c0374218739d9cb7ee0d07196a025f5a6e8c066b69cb4e67","logger_name":"docker[postgres:15.1-alpine3.17]","thread_name":"Test worker","level":"INFO","level_value":20000}
{"@timestamp":"2023-11-05T18:39:30.8117613+01:00","@version":"1","message":"Container postgres:15.1-alpine3.17 started in PT1.6219034S","logger_name":"docker[postgres:15.1-alpine3.17]","thread_name":"Test worker","level":"INFO","level_value":20000}
{"@timestamp":"2023-11-05T18:39:30.8385213+01:00","@version":"1","message":"Starting BackendApplicationTests using Java 20.0.2.1 with PID 23448 (started by Paweł in C:\\Repozytoria\\shooting_result_tracker\\backend)","logger_name":"com.str.shootingresulttracker.BackendApplicationTests","thread_name":"Test worker","level":"INFO","level_value":20000}
{"@timestamp":"2023-11-05T18:39:30.8395242+01:00","@version":"1","message":"No active profile set, falling back to 1 default profile: \"default\"","logger_name":"com.str.shootingresulttracker.BackendApplicationTests","thread_name":"Test worker","level":"INFO","level_value":20000}
{"@timestamp":"2023-11-05T18:39:31.3704009+01:00","@version":"1","message":"Bootstrapping Spring Data JPA repositories in DEFAULT mode.","logger_name":"org.springframework.data.repository.config.RepositoryConfigurationDelegate","thread_name":"Test worker","level":"INFO","level_value":20000}
{"@timestamp":"2023-11-05T18:39:31.4194007+01:00","@version":"1","message":"Finished Spring Data repository scanning in 43 ms. Found 3 JPA repository interfaces.","logger_name":"org.springframework.data.repository.config.RepositoryConfigurationDelegate","thread_name":"Test worker","level":"INFO","level_value":20000}
{"@timestamp":"2023-11-05T18:39:31.7054011+01:00","@version":"1","message":"HikariPool-1 - Starting...","logger_name":"com.zaxxer.hikari.HikariDataSource","thread_name":"Test worker","level":"INFO","level_value":20000}
{"@timestamp":"2023-11-05T18:39:31.8236353+01:00","@version":"1","message":"HikariPool-1 - Added connection org.postgresql.jdbc.PgConnection@38363e96","logger_name":"com.zaxxer.hikari.pool.HikariPool","thread_name":"Test worker","level":"INFO","level_value":20000}
{"@timestamp":"2023-11-05T18:39:31.824636+01:00","@version":"1","message":"HikariPool-1 - Start completed.","logger_name":"com.zaxxer.hikari.HikariDataSource","thread_name":"Test worker","level":"INFO","level_value":20000}
{"@timestamp":"2023-11-05T18:39:31.8698169+01:00","@version":"1","message":"Flyway Community Edition 9.21.0 by Redgate","logger_name":"org.flywaydb.core.internal.license.VersionPrinter","thread_name":"Test worker","level":"INFO","level_value":20000}
{"@timestamp":"2023-11-05T18:39:31.8698169+01:00","@version":"1","message":"See release notes here: https://rd.gt/416ObMi","logger_name":"org.flywaydb.core.internal.license.VersionPrinter","thread_name":"Test worker","level":"INFO","level_value":20000}
{"@timestamp":"2023-11-05T18:39:31.8698169+01:00","@version":"1","message":"","logger_name":"org.flywaydb.core.internal.license.VersionPrinter","thread_name":"Test worker","level":"INFO","level_value":20000}
{"@timestamp":"2023-11-05T18:39:31.8784407+01:00","@version":"1","message":"Database: jdbc:postgresql://localhost:54809/test (PostgreSQL 15.1)","logger_name":"org.flywaydb.core.internal.database.base.BaseDatabaseType","thread_name":"Test worker","level":"INFO","level_value":20000}
{"@timestamp":"2023-11-05T18:39:31.9008832+01:00","@version":"1","message":"Schema history table \"public\".\"flyway_schema_history\" does not exist yet","logger_name":"org.flywaydb.core.internal.schemahistory.JdbcTableSchemaHistory","thread_name":"Test worker","level":"INFO","level_value":20000}
{"@timestamp":"2023-11-05T18:39:31.9029482+01:00","@version":"1","message":"Successfully validated 10 migrations (execution time 00:00.012s)","logger_name":"org.flywaydb.core.internal.command.DbValidate","thread_name":"Test worker","level":"INFO","level_value":20000}
{"@timestamp":"2023-11-05T18:39:31.9128065+01:00","@version":"1","message":"Creating Schema History table \"public\".\"flyway_schema_history\" ...","logger_name":"org.flywaydb.core.internal.schemahistory.JdbcTableSchemaHistory","thread_name":"Test worker","level":"INFO","level_value":20000}
{"@timestamp":"2023-11-05T18:39:31.9397763+01:00","@version":"1","message":"Current version of schema \"public\": << Empty Schema >>","logger_name":"org.flywaydb.core.internal.command.DbMigrate","thread_name":"Test worker","level":"INFO","level_value":20000}
{"@timestamp":"2023-11-05T18:39:31.9444924+01:00","@version":"1","message":"Migrating schema \"public\" to version \"2023.02.08.00.00 - add user table\"","logger_name":"org.flywaydb.core.internal.command.DbMigrate","thread_name":"Test worker","level":"INFO","level_value":20000}
{"@timestamp":"2023-11-05T18:39:31.9629722+01:00","@version":"1","message":"Migrating schema \"public\" to version \"2023.08.02.22.30 - add weapon table\"","logger_name":"org.flywaydb.core.internal.command.DbMigrate","thread_name":"Test worker","level":"INFO","level_value":20000}
{"@timestamp":"2023-11-05T18:39:31.9771507+01:00","@version":"1","message":"Migrating schema \"public\" to version \"2023.08.07.23.00 - add create date to weapon\"","logger_name":"org.flywaydb.core.internal.command.DbMigrate","thread_name":"Test worker","level":"INFO","level_value":20000}
{"@timestamp":"2023-11-05T18:39:31.9903944+01:00","@version":"1","message":"Migrating schema \"public\" to version \"2023.08.07.23.30 - add magazine\"","logger_name":"org.flywaydb.core.internal.command.DbMigrate","thread_name":"Test worker","level":"INFO","level_value":20000}
{"@timestamp":"2023-11-05T18:39:32.0026068+01:00","@version":"1","message":"Migrating schema \"public\" to version \"2023.08.10.21.00 - rename weapon table\"","logger_name":"org.flywaydb.core.internal.command.DbMigrate","thread_name":"Test worker","level":"INFO","level_value":20000}
{"@timestamp":"2023-11-05T18:39:32.0134504+01:00","@version":"1","message":"Migrating schema \"public\" to version \"2023.08.23.20.00 - add ammunition column\"","logger_name":"org.flywaydb.core.internal.command.DbMigrate","thread_name":"Test worker","level":"INFO","level_value":20000}
{"@timestamp":"2023-11-05T18:39:32.0244046+01:00","@version":"1","message":"Migrating schema \"public\" to version \"2023.08.23.21.30 - add weapon count to magazine\"","logger_name":"org.flywaydb.core.internal.command.DbMigrate","thread_name":"Test worker","level":"INFO","level_value":20000}
{"@timestamp":"2023-11-05T18:39:32.0342031+01:00","@version":"1","message":"Migrating schema \"public\" to version \"2023.10.28.14.30 - add created by\"","logger_name":"org.flywaydb.core.internal.command.DbMigrate","thread_name":"Test worker","level":"INFO","level_value":20000}
{"@timestamp":"2023-11-05T18:39:32.0436162+01:00","@version":"1","message":"Migrating schema \"public\" to version \"2023.11.01.13.30 - add create date to user table\"","logger_name":"org.flywaydb.core.internal.command.DbMigrate","thread_name":"Test worker","level":"INFO","level_value":20000}
{"@timestamp":"2023-11-05T18:39:32.0540434+01:00","@version":"1","message":"Migrating schema \"public\" to version \"2023.11.01.14.00 - fix weapon create date column\"","logger_name":"org.flywaydb.core.internal.command.DbMigrate","thread_name":"Test worker","level":"INFO","level_value":20000}
{"@timestamp":"2023-11-05T18:39:32.0622577+01:00","@version":"1","message":"Successfully applied 10 migrations to schema \"public\", now at version v2023.11.01.14.00 (execution time 00:00.036s)","logger_name":"org.flywaydb.core.internal.command.DbMigrate","thread_name":"Test worker","level":"INFO","level_value":20000}
{"@timestamp":"2023-11-05T18:39:32.1407035+01:00","@version":"1","message":"HHH000204: Processing PersistenceUnitInfo [name: default]","logger_name":"org.hibernate.jpa.internal.util.LogHelper","thread_name":"Test worker","level":"INFO","level_value":20000}
{"@timestamp":"2023-11-05T18:39:32.191149+01:00","@version":"1","message":"HHH000412: Hibernate ORM core version 6.2.6.Final","logger_name":"org.hibernate.Version","thread_name":"Test worker","level":"INFO","level_value":20000}
{"@timestamp":"2023-11-05T18:39:32.1936699+01:00","@version":"1","message":"HHH000406: Using bytecode reflection optimizer","logger_name":"org.hibernate.cfg.Environment","thread_name":"Test worker","level":"INFO","level_value":20000}
{"@timestamp":"2023-11-05T18:39:32.2754043+01:00","@version":"1","message":"HHH000021: Bytecode provider name : bytebuddy","logger_name":"org.hibernate.bytecode.internal.BytecodeProviderInitiator","thread_name":"Test worker","level":"INFO","level_value":20000}
{"@timestamp":"2023-11-05T18:39:32.3570186+01:00","@version":"1","message":"No LoadTimeWeaver setup: ignoring JPA class transformer","logger_name":"org.springframework.orm.jpa.persistenceunit.SpringPersistenceUnitInfo","thread_name":"Test worker","level":"INFO","level_value":20000}
{"@timestamp":"2023-11-05T18:39:32.518524+01:00","@version":"1","message":"HHH000021: Bytecode provider name : bytebuddy","logger_name":"org.hibernate.bytecode.internal.BytecodeProviderInitiator","thread_name":"Test worker","level":"INFO","level_value":20000}
{"@timestamp":"2023-11-05T18:39:32.9162767+01:00","@version":"1","message":"HHH000490: Using JtaPlatform implementation: [org.hibernate.engine.transaction.jta.platform.internal.NoJtaPlatform]","logger_name":"org.hibernate.engine.transaction.jta.platform.internal.JtaPlatformInitiator","thread_name":"Test worker","level":"INFO","level_value":20000}
{"@timestamp":"2023-11-05T18:39:32.9172771+01:00","@version":"1","message":"Initialized JPA EntityManagerFactory for persistence unit 'default'","logger_name":"org.springframework.orm.jpa.LocalContainerEntityManagerFactoryBean","thread_name":"Test worker","level":"INFO","level_value":20000}
{"@timestamp":"2023-11-05T18:39:33.2452779+01:00","@version":"1","message":"Hibernate is in classpath; If applicable, HQL parser will be used.","logger_name":"org.springframework.data.jpa.repository.query.QueryEnhancerFactory","thread_name":"Test worker","level":"INFO","level_value":20000}
{"@timestamp":"2023-11-05T18:39:33.6202176+01:00","@version":"1","message":"spring.jpa.open-in-view is enabled by default. Therefore, database queries may be performed during view rendering. Explicitly configure spring.jpa.open-in-view to disable this warning","logger_name":"org.springframework.boot.autoconfigure.orm.jpa.JpaBaseConfiguration$JpaWebConfiguration","thread_name":"Test worker","level":"WARN","level_value":30000}
{"@timestamp":"2023-11-05T18:39:33.7682152+01:00","@version":"1","message":"Will secure any request with [org.springframework.security.web.session.DisableEncodeUrlFilter@95504a0, org.springframework.security.web.context.request.async.WebAsyncManagerIntegrationFilter@68d07b48, org.springframework.security.web.context.SecurityContextHolderFilter@51729c2b, org.springframework.security.web.header.HeaderWriterFilter@5073b0b8, org.springframework.security.web.authentication.logout.LogoutFilter@4bb4c147, com.str.shootingresulttracker.configuration.security.JwtAuthenticationFilter@6682e9b0, org.springframework.security.web.savedrequest.RequestCacheAwareFilter@387f53cf, org.springframework.security.web.servletapi.SecurityContextHolderAwareRequestFilter@f9769ae, org.springframework.security.web.authentication.AnonymousAuthenticationFilter@2d980ff2, org.springframework.security.web.session.SessionManagementFilter@7acc95a2, org.springframework.security.web.access.ExceptionTranslationFilter@463e413b, org.springframework.security.web.access.intercept.AuthorizationFilter@53365a58]","logger_name":"org.springframework.security.web.DefaultSecurityFilterChain","thread_name":"Test worker","level":"INFO","level_value":20000}
{"@timestamp":"2023-11-05T18:39:34.2843922+01:00","@version":"1","message":"Exposing 1 endpoint(s) beneath base path '/actuator'","logger_name":"org.springframework.boot.actuate.endpoint.web.EndpointLinksResolver","thread_name":"Test worker","level":"INFO","level_value":20000}
{"@timestamp":"2023-11-05T18:39:34.3273917+01:00","@version":"1","message":"Started BackendApplicationTests in 6.504 seconds (process running for 7.382)","logger_name":"com.str.shootingresulttracker.BackendApplicationTests","thread_name":"Test worker","level":"INFO","level_value":20000}
{"@timestamp":"2023-11-05T18:39:34.8609643+01:00","@version":"1","message":"Closing JPA EntityManagerFactory for persistence unit 'default'","logger_name":"org.springframework.orm.jpa.LocalContainerEntityManagerFactoryBean","thread_name":"SpringApplicationShutdownHook","level":"INFO","level_value":20000}
{"@timestamp":"2023-11-05T18:39:34.8639647+01:00","@version":"1","message":"HikariPool-1 - Shutdown initiated...","logger_name":"com.zaxxer.hikari.HikariDataSource","thread_name":"SpringApplicationShutdownHook","level":"INFO","level_value":20000}
{"@timestamp":"2023-11-05T18:39:34.8658219+01:00","@version":"1","message":"HikariPool-1 - Shutdown completed.","logger_name":"com.zaxxer.hikari.HikariDataSource","thread_name":"SpringApplicationShutdownHook","level":"INFO","level_value":20000}
{"@timestamp":"2023-11-05T18:47:20.6528153+01:00","@version":"1","message":"Loaded org.testcontainers.dockerclient.NpipeSocketClientProviderStrategy from ~/.testcontainers.properties, will try it first","logger_name":"org.testcontainers.dockerclient.DockerClientProviderStrategy","thread_name":"Test worker","level":"INFO","level_value":20000}
{"@timestamp":"2023-11-05T18:47:20.9028171+01:00","@version":"1","message":"Found Docker environment with local Npipe socket (npipe:////./pipe/docker_engine)","logger_name":"org.testcontainers.dockerclient.DockerClientProviderStrategy","thread_name":"Test worker","level":"INFO","level_value":20000}
{"@timestamp":"2023-11-05T18:47:20.9038167+01:00","@version":"1","message":"Docker host IP address is localhost","logger_name":"org.testcontainers.DockerClientFactory","thread_name":"Test worker","level":"INFO","level_value":20000}
{"@timestamp":"2023-11-05T18:47:20.9109439+01:00","@version":"1","message":"Connected to docker: \n  Server Version: 24.0.6\n  API Version: 1.43\n  Operating System: Docker Desktop\n  Total Memory: 32002 MB","logger_name":"org.testcontainers.DockerClientFactory","thread_name":"Test worker","level":"INFO","level_value":20000}
{"@timestamp":"2023-11-05T18:47:20.9227358+01:00","@version":"1","message":"Creating container for image: testcontainers/ryuk:0.3.4","logger_name":"docker[testcontainers/ryuk:0.3.4]","thread_name":"Test worker","level":"INFO","level_value":20000}
{"@timestamp":"2023-11-05T18:47:21.0250725+01:00","@version":"1","message":"Credential helper/store (docker-credential-desktop) does not have credentials for https://index.docker.io/v1/","logger_name":"org.testcontainers.utility.RegistryAuthLocator","thread_name":"Test worker","level":"INFO","level_value":20000}
{"@timestamp":"2023-11-05T18:47:21.1134062+01:00","@version":"1","message":"Container testcontainers/ryuk:0.3.4 is starting: 337cabc4af41a6814783d336eba8fffb372d0b918c030435fb3f9189c104959c","logger_name":"docker[testcontainers/ryuk:0.3.4]","thread_name":"Test worker","level":"INFO","level_value":20000}
{"@timestamp":"2023-11-05T18:47:21.6732232+01:00","@version":"1","message":"Container testcontainers/ryuk:0.3.4 started in PT0.7565152S","logger_name":"docker[testcontainers/ryuk:0.3.4]","thread_name":"Test worker","level":"INFO","level_value":20000}
{"@timestamp":"2023-11-05T18:47:21.6768817+01:00","@version":"1","message":"Ryuk started - will monitor and terminate Testcontainers containers on JVM exit","logger_name":"org.testcontainers.utility.RyukResourceReaper","thread_name":"Test worker","level":"INFO","level_value":20000}
{"@timestamp":"2023-11-05T18:47:21.6773929+01:00","@version":"1","message":"Checking the system...","logger_name":"org.testcontainers.DockerClientFactory","thread_name":"Test worker","level":"INFO","level_value":20000}
{"@timestamp":"2023-11-05T18:47:21.6779068+01:00","@version":"1","message":"✔︎ Docker server version should be at least 1.6.0","logger_name":"org.testcontainers.DockerClientFactory","thread_name":"Test worker","level":"INFO","level_value":20000}
{"@timestamp":"2023-11-05T18:47:21.6784409+01:00","@version":"1","message":"Creating container for image: postgres:15.1-alpine3.17","logger_name":"docker[postgres:15.1-alpine3.17]","thread_name":"Test worker","level":"INFO","level_value":20000}
{"@timestamp":"2023-11-05T18:47:21.6784409+01:00","@version":"1","message":"Reuse was requested but the environment does not support the reuse of containers\nTo enable reuse of containers, you must set 'testcontainers.reuse.enable=true' in a file located at C:\\Users\\Pawel\\.testcontainers.properties","logger_name":"docker[postgres:15.1-alpine3.17]","thread_name":"Test worker","level":"WARN","level_value":30000}
{"@timestamp":"2023-11-05T18:47:21.7155207+01:00","@version":"1","message":"Container postgres:15.1-alpine3.17 is starting: 862237d8c2bacd17095a06f7b14413e2ccc61e145652a6fe04bc6491176652f2","logger_name":"docker[postgres:15.1-alpine3.17]","thread_name":"Test worker","level":"INFO","level_value":20000}
{"@timestamp":"2023-11-05T18:47:23.3392921+01:00","@version":"1","message":"Container postgres:15.1-alpine3.17 started in PT1.6613853S","logger_name":"docker[postgres:15.1-alpine3.17]","thread_name":"Test worker","level":"INFO","level_value":20000}
{"@timestamp":"2023-11-05T18:47:23.3638318+01:00","@version":"1","message":"Starting BackendApplicationTests using Java 20.0.2.1 with PID 21804 (started by Paweł in C:\\Repozytoria\\shooting_result_tracker\\backend)","logger_name":"com.str.shootingresulttracker.BackendApplicationTests","thread_name":"Test worker","level":"INFO","level_value":20000}
{"@timestamp":"2023-11-05T18:47:23.3638318+01:00","@version":"1","message":"No active profile set, falling back to 1 default profile: \"default\"","logger_name":"com.str.shootingresulttracker.BackendApplicationTests","thread_name":"Test worker","level":"INFO","level_value":20000}
{"@timestamp":"2023-11-05T18:47:23.8548343+01:00","@version":"1","message":"Bootstrapping Spring Data JPA repositories in DEFAULT mode.","logger_name":"org.springframework.data.repository.config.RepositoryConfigurationDelegate","thread_name":"Test worker","level":"INFO","level_value":20000}
{"@timestamp":"2023-11-05T18:47:23.9008343+01:00","@version":"1","message":"Finished Spring Data repository scanning in 40 ms. Found 3 JPA repository interfaces.","logger_name":"org.springframework.data.repository.config.RepositoryConfigurationDelegate","thread_name":"Test worker","level":"INFO","level_value":20000}
{"@timestamp":"2023-11-05T18:47:24.2043426+01:00","@version":"1","message":"HikariPool-1 - Starting...","logger_name":"com.zaxxer.hikari.HikariDataSource","thread_name":"Test worker","level":"INFO","level_value":20000}
{"@timestamp":"2023-11-05T18:47:24.3291734+01:00","@version":"1","message":"HikariPool-1 - Added connection org.postgresql.jdbc.PgConnection@19de32cb","logger_name":"com.zaxxer.hikari.pool.HikariPool","thread_name":"Test worker","level":"INFO","level_value":20000}
{"@timestamp":"2023-11-05T18:47:24.3311732+01:00","@version":"1","message":"HikariPool-1 - Start completed.","logger_name":"com.zaxxer.hikari.HikariDataSource","thread_name":"Test worker","level":"INFO","level_value":20000}
{"@timestamp":"2023-11-05T18:47:24.3739519+01:00","@version":"1","message":"Flyway Community Edition 9.21.0 by Redgate","logger_name":"org.flywaydb.core.internal.license.VersionPrinter","thread_name":"Test worker","level":"INFO","level_value":20000}
{"@timestamp":"2023-11-05T18:47:24.3749518+01:00","@version":"1","message":"See release notes here: https://rd.gt/416ObMi","logger_name":"org.flywaydb.core.internal.license.VersionPrinter","thread_name":"Test worker","level":"INFO","level_value":20000}
{"@timestamp":"2023-11-05T18:47:24.3749518+01:00","@version":"1","message":"","logger_name":"org.flywaydb.core.internal.license.VersionPrinter","thread_name":"Test worker","level":"INFO","level_value":20000}
{"@timestamp":"2023-11-05T18:47:24.3830741+01:00","@version":"1","message":"Database: jdbc:postgresql://localhost:55156/test (PostgreSQL 15.1)","logger_name":"org.flywaydb.core.internal.database.base.BaseDatabaseType","thread_name":"Test worker","level":"INFO","level_value":20000}
{"@timestamp":"2023-11-05T18:47:24.4056161+01:00","@version":"1","message":"Schema history table \"public\".\"flyway_schema_history\" does not exist yet","logger_name":"org.flywaydb.core.internal.schemahistory.JdbcTableSchemaHistory","thread_name":"Test worker","level":"INFO","level_value":20000}
{"@timestamp":"2023-11-05T18:47:24.4081733+01:00","@version":"1","message":"Successfully validated 10 migrations (execution time 00:00.012s)","logger_name":"org.flywaydb.core.internal.command.DbValidate","thread_name":"Test worker","level":"INFO","level_value":20000}
{"@timestamp":"2023-11-05T18:47:24.4180432+01:00","@version":"1","message":"Creating Schema History table \"public\".\"flyway_schema_history\" ...","logger_name":"org.flywaydb.core.internal.schemahistory.JdbcTableSchemaHistory","thread_name":"Test worker","level":"INFO","level_value":20000}
{"@timestamp":"2023-11-05T18:47:24.4448731+01:00","@version":"1","message":"Current version of schema \"public\": << Empty Schema >>","logger_name":"org.flywaydb.core.internal.command.DbMigrate","thread_name":"Test worker","level":"INFO","level_value":20000}
{"@timestamp":"2023-11-05T18:47:24.4494998+01:00","@version":"1","message":"Migrating schema \"public\" to version \"2023.02.08.00.00 - add user table\"","logger_name":"org.flywaydb.core.internal.command.DbMigrate","thread_name":"Test worker","level":"INFO","level_value":20000}
{"@timestamp":"2023-11-05T18:47:24.4706486+01:00","@version":"1","message":"Migrating schema \"public\" to version \"2023.08.02.22.30 - add weapon table\"","logger_name":"org.flywaydb.core.internal.command.DbMigrate","thread_name":"Test worker","level":"INFO","level_value":20000}
{"@timestamp":"2023-11-05T18:47:24.4846774+01:00","@version":"1","message":"Migrating schema \"public\" to version \"2023.08.07.23.00 - add create date to weapon\"","logger_name":"org.flywaydb.core.internal.command.DbMigrate","thread_name":"Test worker","level":"INFO","level_value":20000}
{"@timestamp":"2023-11-05T18:47:24.4984956+01:00","@version":"1","message":"Migrating schema \"public\" to version \"2023.08.07.23.30 - add magazine\"","logger_name":"org.flywaydb.core.internal.command.DbMigrate","thread_name":"Test worker","level":"INFO","level_value":20000}
{"@timestamp":"2023-11-05T18:47:24.5107932+01:00","@version":"1","message":"Migrating schema \"public\" to version \"2023.08.10.21.00 - rename weapon table\"","logger_name":"org.flywaydb.core.internal.command.DbMigrate","thread_name":"Test worker","level":"INFO","level_value":20000}
{"@timestamp":"2023-11-05T18:47:24.5211891+01:00","@version":"1","message":"Migrating schema \"public\" to version \"2023.08.23.20.00 - add ammunition column\"","logger_name":"org.flywaydb.core.internal.command.DbMigrate","thread_name":"Test worker","level":"INFO","level_value":20000}
{"@timestamp":"2023-11-05T18:47:24.5319791+01:00","@version":"1","message":"Migrating schema \"public\" to version \"2023.08.23.21.30 - add weapon count to magazine\"","logger_name":"org.flywaydb.core.internal.command.DbMigrate","thread_name":"Test worker","level":"INFO","level_value":20000}
{"@timestamp":"2023-11-05T18:47:24.5428852+01:00","@version":"1","message":"Migrating schema \"public\" to version \"2023.10.28.14.30 - add created by\"","logger_name":"org.flywaydb.core.internal.command.DbMigrate","thread_name":"Test worker","level":"INFO","level_value":20000}
{"@timestamp":"2023-11-05T18:47:24.5532239+01:00","@version":"1","message":"Migrating schema \"public\" to version \"2023.11.01.13.30 - add create date to user table\"","logger_name":"org.flywaydb.core.internal.command.DbMigrate","thread_name":"Test worker","level":"INFO","level_value":20000}
{"@timestamp":"2023-11-05T18:47:24.5630134+01:00","@version":"1","message":"Migrating schema \"public\" to version \"2023.11.01.14.00 - fix weapon create date column\"","logger_name":"org.flywaydb.core.internal.command.DbMigrate","thread_name":"Test worker","level":"INFO","level_value":20000}
{"@timestamp":"2023-11-05T18:47:24.5712769+01:00","@version":"1","message":"Successfully applied 10 migrations to schema \"public\", now at version v2023.11.01.14.00 (execution time 00:00.034s)","logger_name":"org.flywaydb.core.internal.command.DbMigrate","thread_name":"Test worker","level":"INFO","level_value":20000}
{"@timestamp":"2023-11-05T18:47:24.6507742+01:00","@version":"1","message":"HHH000204: Processing PersistenceUnitInfo [name: default]","logger_name":"org.hibernate.jpa.internal.util.LogHelper","thread_name":"Test worker","level":"INFO","level_value":20000}
{"@timestamp":"2023-11-05T18:47:24.7130546+01:00","@version":"1","message":"HHH000412: Hibernate ORM core version 6.2.6.Final","logger_name":"org.hibernate.Version","thread_name":"Test worker","level":"INFO","level_value":20000}
{"@timestamp":"2023-11-05T18:47:24.7160544+01:00","@version":"1","message":"HHH000406: Using bytecode reflection optimizer","logger_name":"org.hibernate.cfg.Environment","thread_name":"Test worker","level":"INFO","level_value":20000}
{"@timestamp":"2023-11-05T18:47:24.8163262+01:00","@version":"1","message":"HHH000021: Bytecode provider name : bytebuddy","logger_name":"org.hibernate.bytecode.internal.BytecodeProviderInitiator","thread_name":"Test worker","level":"INFO","level_value":20000}
{"@timestamp":"2023-11-05T18:47:24.8918308+01:00","@version":"1","message":"No LoadTimeWeaver setup: ignoring JPA class transformer","logger_name":"org.springframework.orm.jpa.persistenceunit.SpringPersistenceUnitInfo","thread_name":"Test worker","level":"INFO","level_value":20000}
{"@timestamp":"2023-11-05T18:47:25.0549379+01:00","@version":"1","message":"HHH000021: Bytecode provider name : bytebuddy","logger_name":"org.hibernate.bytecode.internal.BytecodeProviderInitiator","thread_name":"Test worker","level":"INFO","level_value":20000}
{"@timestamp":"2023-11-05T18:47:25.4526841+01:00","@version":"1","message":"HHH000490: Using JtaPlatform implementation: [org.hibernate.engine.transaction.jta.platform.internal.NoJtaPlatform]","logger_name":"org.hibernate.engine.transaction.jta.platform.internal.JtaPlatformInitiator","thread_name":"Test worker","level":"INFO","level_value":20000}
{"@timestamp":"2023-11-05T18:47:25.4546847+01:00","@version":"1","message":"Initialized JPA EntityManagerFactory for persistence unit 'default'","logger_name":"org.springframework.orm.jpa.LocalContainerEntityManagerFactoryBean","thread_name":"Test worker","level":"INFO","level_value":20000}
{"@timestamp":"2023-11-05T18:47:25.7788364+01:00","@version":"1","message":"Hibernate is in classpath; If applicable, HQL parser will be used.","logger_name":"org.springframework.data.jpa.repository.query.QueryEnhancerFactory","thread_name":"Test worker","level":"INFO","level_value":20000}
{"@timestamp":"2023-11-05T18:47:26.1581239+01:00","@version":"1","message":"spring.jpa.open-in-view is enabled by default. Therefore, database queries may be performed during view rendering. Explicitly configure spring.jpa.open-in-view to disable this warning","logger_name":"org.springframework.boot.autoconfigure.orm.jpa.JpaBaseConfiguration$JpaWebConfiguration","thread_name":"Test worker","level":"WARN","level_value":30000}
{"@timestamp":"2023-11-05T18:47:26.2796322+01:00","@version":"1","message":"Will secure any request with [org.springframework.security.web.session.DisableEncodeUrlFilter@24c186cc, org.springframework.security.web.context.request.async.WebAsyncManagerIntegrationFilter@17c373d3, org.springframework.security.web.context.SecurityContextHolderFilter@14270715, org.springframework.security.web.header.HeaderWriterFilter@5c3d91bc, org.springframework.security.web.authentication.logout.LogoutFilter@1cce2194, com.str.shootingresulttracker.configuration.security.JwtAuthenticationFilter@23e95661, org.springframework.security.web.savedrequest.RequestCacheAwareFilter@38657ca8, org.springframework.security.web.servletapi.SecurityContextHolderAwareRequestFilter@2d158175, org.springframework.security.web.authentication.AnonymousAuthenticationFilter@5a78e7e3, org.springframework.security.web.session.SessionManagementFilter@60aee4ca, org.springframework.security.web.access.ExceptionTranslationFilter@2ca08575, org.springframework.security.web.access.intercept.AuthorizationFilter@28736857]","logger_name":"org.springframework.security.web.DefaultSecurityFilterChain","thread_name":"Test worker","level":"INFO","level_value":20000}
{"@timestamp":"2023-11-05T18:47:26.768904+01:00","@version":"1","message":"Exposing 1 endpoint(s) beneath base path '/actuator'","logger_name":"org.springframework.boot.actuate.endpoint.web.EndpointLinksResolver","thread_name":"Test worker","level":"INFO","level_value":20000}
{"@timestamp":"2023-11-05T18:47:26.8079053+01:00","@version":"1","message":"Started BackendApplicationTests in 6.503 seconds (process running for 7.419)","logger_name":"com.str.shootingresulttracker.BackendApplicationTests","thread_name":"Test worker","level":"INFO","level_value":20000}
{"@timestamp":"2023-11-05T18:47:27.3516843+01:00","@version":"1","message":"Closing JPA EntityManagerFactory for persistence unit 'default'","logger_name":"org.springframework.orm.jpa.LocalContainerEntityManagerFactoryBean","thread_name":"SpringApplicationShutdownHook","level":"INFO","level_value":20000}
{"@timestamp":"2023-11-05T18:47:27.3526858+01:00","@version":"1","message":"HikariPool-1 - Shutdown initiated...","logger_name":"com.zaxxer.hikari.HikariDataSource","thread_name":"SpringApplicationShutdownHook","level":"INFO","level_value":20000}
{"@timestamp":"2023-11-05T18:47:27.3562899+01:00","@version":"1","message":"HikariPool-1 - Shutdown completed.","logger_name":"com.zaxxer.hikari.HikariDataSource","thread_name":"SpringApplicationShutdownHook","level":"INFO","level_value":20000}
